#
# There is insufficient memory for the Java Runtime Environment to continue.
# Native memory allocation (mmap) failed to map 65536 bytes for Failed to commit metaspace.
# Possible reasons:
#   The system is out of physical RAM or swap space
#   The process is running with CompressedOops enabled, and the Java Heap may be blocking the growth of the native heap
# Possible solutions:
#   Reduce memory load on the system
#   Increase physical memory or swap space
#   Check if swap backing store is full
#   Decrease Java heap size (-Xmx/-Xms)
#   Decrease number of Java threads
#   Decrease Java thread stack sizes (-Xss)
#   Set larger code cache with -XX:ReservedCodeCacheSize=
#   JVM is running with Unscaled Compressed Oops mode in which the Java heap is
#     placed in the first 4GB address space. The Java Heap base address is the
#     maximum limit for the native heap growth. Please use -XX:HeapBaseMinAddress
#     to set the Java Heap base and to place the Java Heap above 4GB virtual address.
# This output file may be truncated or incomplete.
#
#  Out of Memory Error (virtualSpaceNode.cpp:108), pid=8048, tid=2220
#
# JRE version: OpenJDK Runtime Environment (16.0.2+7) (build 16.0.2+7-67)
# Java VM: OpenJDK 64-Bit Server VM (16.0.2+7-67, mixed mode, tiered, compressed oops, compressed class ptrs, g1 gc, windows-amd64)
# No core dump will be written. Minidumps are not enabled by default on client versions of Windows
#

---------------  S U M M A R Y ------------

Command Line: -Dfile.encoding=UTF-8 -XX:+ShowCodeDetailsInExceptionMessages UI.FrmKhachHang

Host: Intel(R) Core(TM) i7-3520M CPU @ 2.90GHz, 4 cores, 7G,  Windows 10 , 64 bit Build 19041 (10.0.19041.1706)
Time: Sat May 14 04:39:49 2022 SE Asia Standard Time elapsed time: 0.843316 seconds (0d 0h 0m 0s)

---------------  T H R E A D  ---------------

Current thread (0x00000172bd50bce0):  JavaThread "AWT-EventQueue-0" [_thread_in_vm, id=2220, stack(0x00000062dba00000,0x00000062dbb00000)]

Stack: [0x00000062dba00000,0x00000062dbb00000]
Native frames: (J=compiled Java code, j=interpreted, Vv=VM code, C=native code)
V  [jvm.dll+0x6681ca]
V  [jvm.dll+0x7c9e69]
V  [jvm.dll+0x7cb61e]
V  [jvm.dll+0x7cbc73]
V  [jvm.dll+0x242c55]
V  [jvm.dll+0x7c64eb]
V  [jvm.dll+0x60ddd6]
V  [jvm.dll+0x60de3a]
V  [jvm.dll+0x61046a]
V  [jvm.dll+0x60e6d1]
V  [jvm.dll+0x618d97]
V  [jvm.dll+0x1e97ef]
V  [jvm.dll+0x1e9d25]
V  [jvm.dll+0x1ea8af]
V  [jvm.dll+0x1df631]
V  [jvm.dll+0x535ff8]
V  [jvm.dll+0x1f0d52]
V  [jvm.dll+0x741863]
V  [jvm.dll+0x743108]
V  [jvm.dll+0x74396d]
V  [jvm.dll+0x1e7f8c]
V  [jvm.dll+0x1ea7ec]
V  [jvm.dll+0x1df631]
V  [jvm.dll+0x535ff8]
V  [jvm.dll+0x1f0d52]
V  [jvm.dll+0x741863]
V  [jvm.dll+0x743108]
V  [jvm.dll+0x743433]
V  [jvm.dll+0x23ab24]
V  [jvm.dll+0x375531]
C  0x00000172a649c18e

Java frames: (J=compiled Java code, j=interpreted, Vv=VM code)
j  java.awt.event.KeyEvent.<clinit>()V+12 java.desktop@16.0.2
v  ~StubRoutines::call_stub
j  jdk.internal.misc.Unsafe.ensureClassInitialized0(Ljava/lang/Class;)V+0 java.base@16.0.2
j  jdk.internal.misc.Unsafe.ensureClassInitialized(Ljava/lang/Class;)V+14 java.base@16.0.2
j  jdk.internal.reflect.UnsafeFieldAccessorFactory.newFieldAccessor(Ljava/lang/reflect/Field;Z)Ljdk/internal/reflect/FieldAccessor;+59 java.base@16.0.2
j  jdk.internal.reflect.ReflectionFactory.newFieldAccessor(Ljava/lang/reflect/Field;Z)Ljdk/internal/reflect/FieldAccessor;+79 java.base@16.0.2
j  java.lang.reflect.Field.acquireFieldAccessor(Z)Ljdk/internal/reflect/FieldAccessor;+47 java.base@16.0.2
j  java.lang.reflect.Field.getFieldAccessor(Ljava/lang/Object;)Ljdk/internal/reflect/FieldAccessor;+31 java.base@16.0.2
j  java.lang.reflect.Field.getInt(Ljava/lang/Object;)I+19 java.base@16.0.2
j  java.awt.AWTKeyStroke.getVKValue(Ljava/lang/String;)I+28 java.desktop@16.0.2
j  java.awt.AWTKeyStroke.getAWTKeyStroke(Ljava/lang/String;)Ljava/awt/AWTKeyStroke;+339 java.desktop@16.0.2
j  javax.swing.KeyStroke.getKeyStroke(Ljava/lang/String;)Ljavax/swing/KeyStroke;+19 java.desktop@16.0.2
j  javax.swing.LookAndFeel.loadKeyBindings(Ljavax/swing/InputMap;[Ljava/lang/Object;)V+43 java.desktop@16.0.2
j  javax.swing.LookAndFeel.makeInputMap([Ljava/lang/Object;)Ljavax/swing/InputMap;+10 java.desktop@16.0.2
j  javax.swing.UIDefaults$LazyInputMap.createValue(Ljavax/swing/UIDefaults;)Ljava/lang/Object;+11 java.desktop@16.0.2
j  javax.swing.UIDefaults.getFromHashtable(Ljava/lang/Object;)Ljava/lang/Object;+126 java.desktop@16.0.2
j  javax.swing.UIDefaults.get(Ljava/lang/Object;Ljava/util/Locale;)Ljava/lang/Object;+2 java.desktop@16.0.2
j  javax.swing.MultiUIDefaults.get(Ljava/lang/Object;Ljava/util/Locale;)Ljava/lang/Object;+50 java.desktop@16.0.2
j  javax.swing.UIManager.get(Ljava/lang/Object;Ljava/util/Locale;)Ljava/lang/Object;+5 java.desktop@16.0.2
j  sun.swing.DefaultLookup.get(Ljavax/swing/JComponent;Ljavax/swing/plaf/ComponentUI;Ljava/lang/String;)Ljava/lang/Object;+33 java.desktop@16.0.2
j  javax.swing.plaf.basic.BasicRootPaneUI.getInputMap(ILjavax/swing/JComponent;)Ljavax/swing/InputMap;+9 java.desktop@16.0.2
j  javax.swing.plaf.basic.BasicRootPaneUI.installKeyboardActions(Ljavax/swing/JRootPane;)V+16 java.desktop@16.0.2
j  javax.swing.plaf.basic.BasicRootPaneUI.installUI(Ljavax/swing/JComponent;)V+29 java.desktop@16.0.2
j  javax.swing.plaf.metal.MetalRootPaneUI.installUI(Ljavax/swing/JComponent;)V+2 java.desktop@16.0.2
j  javax.swing.JComponent.setUI(Ljavax/swing/plaf/ComponentUI;)V+52 java.desktop@16.0.2
j  javax.swing.JRootPane.setUI(Ljavax/swing/plaf/RootPaneUI;)V+2 java.desktop@16.0.2
j  javax.swing.JRootPane.updateUI()V+8 java.desktop@16.0.2
j  javax.swing.JRootPane.<init>()V+47 java.desktop@16.0.2
j  javax.swing.JFrame.createRootPane()Ljavax/swing/JRootPane;+4 java.desktop@16.0.2
j  javax.swing.JFrame.frameInit()V+16 java.desktop@16.0.2
j  javax.swing.JFrame.<init>()V+20 java.desktop@16.0.2
j  UI.FrmDangNhap.<init>()V+1
j  UI.FrmKhachHang$2.run()V+4
j  java.awt.event.InvocationEvent.dispatch()V+47 java.desktop@16.0.2
j  java.awt.EventQueue.dispatchEventImpl(Ljava/awt/AWTEvent;Ljava/lang/Object;)V+21 java.desktop@16.0.2
j  java.awt.EventQueue$4.run()Ljava/lang/Void;+32 java.desktop@16.0.2
j  java.awt.EventQueue$4.run()Ljava/lang/Object;+1 java.desktop@16.0.2
j  java.security.AccessController.executePrivileged(Ljava/security/PrivilegedAction;Ljava/security/AccessControlContext;Ljava/lang/Class;)Ljava/lang/Object;+29 java.base@16.0.2
j  java.security.AccessController.doPrivileged(Ljava/security/PrivilegedAction;Ljava/security/AccessControlContext;)Ljava/lang/Object;+13 java.base@16.0.2
j  java.security.ProtectionDomain$JavaSecurityAccessImpl.doIntersectionPrivilege(Ljava/security/PrivilegedAction;Ljava/security/AccessControlContext;Ljava/security/AccessControlContext;)Ljava/lang/Object;+18 java.base@16.0.2
j  java.awt.EventQueue.dispatchEvent(Ljava/awt/AWTEvent;)V+46 java.desktop@16.0.2
j  java.awt.EventDispatchThread.pumpOneEventForFilters(I)V+78 java.desktop@16.0.2
j  java.awt.EventDispatchThread.pumpEventsForFilter(ILjava/awt/Conditional;Ljava/awt/EventFilter;)V+35 java.desktop@16.0.2
j  java.awt.EventDispatchThread.pumpEventsForHierarchy(ILjava/awt/Conditional;Ljava/awt/Component;)V+11 java.desktop@16.0.2
j  java.awt.EventDispatchThread.pumpEvents(ILjava/awt/Conditional;)V+4 java.desktop@16.0.2
j  java.awt.EventDispatchThread.pumpEvents(Ljava/awt/Conditional;)V+3 java.desktop@16.0.2
j  java.awt.EventDispatchThread.run()V+9 java.desktop@16.0.2
v  ~StubRoutines::call_stub

---------------  P R O C E S S  ---------------

Threads class SMR info:
_java_thread_list=0x00000172bd4aeab0, length=16, elements={
0x00000172bc4db260, 0x00000172bc4dc1a0, 0x00000172bd009080, 0x00000172bd00a9a0,
0x00000172bd00b3a0, 0x00000172bd00cdb0, 0x00000172bd00dae0, 0x00000172bc527a40,
0x00000172bd056040, 0x00000172bd14b820, 0x00000172bd158470, 0x00000172bd4b5a40,
0x00000172bd472f00, 0x00000172bd4b6360, 0x00000172bd50bce0, 0x00000172a2ef8a20
}

Java Threads: ( => current thread )
  0x00000172bc4db260 JavaThread "Reference Handler" daemon [_thread_blocked, id=472, stack(0x00000062dab00000,0x00000062dac00000)]
  0x00000172bc4dc1a0 JavaThread "Finalizer" daemon [_thread_blocked, id=10224, stack(0x00000062dac00000,0x00000062dad00000)]
  0x00000172bd009080 JavaThread "Signal Dispatcher" daemon [_thread_blocked, id=19296, stack(0x00000062dad00000,0x00000062dae00000)]
  0x00000172bd00a9a0 JavaThread "Attach Listener" daemon [_thread_blocked, id=16376, stack(0x00000062dae00000,0x00000062daf00000)]
  0x00000172bd00b3a0 JavaThread "Service Thread" daemon [_thread_blocked, id=21652, stack(0x00000062daf00000,0x00000062db000000)]
  0x00000172bd00cdb0 JavaThread "Monitor Deflation Thread" daemon [_thread_blocked, id=9832, stack(0x00000062db000000,0x00000062db100000)]
  0x00000172bd00dae0 JavaThread "C2 CompilerThread0" daemon [_thread_blocked, id=3248, stack(0x00000062db100000,0x00000062db200000)]
  0x00000172bc527a40 JavaThread "C1 CompilerThread0" daemon [_thread_blocked, id=16460, stack(0x00000062db200000,0x00000062db300000)]
  0x00000172bd056040 JavaThread "Sweeper thread" daemon [_thread_blocked, id=16740, stack(0x00000062db300000,0x00000062db400000)]
  0x00000172bd14b820 JavaThread "Notification Thread" daemon [_thread_blocked, id=10540, stack(0x00000062db400000,0x00000062db500000)]
  0x00000172bd158470 JavaThread "Common-Cleaner" daemon [_thread_blocked, id=9116, stack(0x00000062db600000,0x00000062db700000)]
  0x00000172bd4b5a40 JavaThread "Java2D Disposer" daemon [_thread_blocked, id=18440, stack(0x00000062db700000,0x00000062db800000)]
  0x00000172bd472f00 JavaThread "AWT-Shutdown" [_thread_blocked, id=2352, stack(0x00000062db800000,0x00000062db900000)]
  0x00000172bd4b6360 JavaThread "AWT-Windows" daemon [_thread_in_native, id=9676, stack(0x00000062db900000,0x00000062dba00000)]
=>0x00000172bd50bce0 JavaThread "AWT-EventQueue-0" [_thread_in_vm, id=2220, stack(0x00000062dba00000,0x00000062dbb00000)]
  0x00000172a2ef8a20 JavaThread "DestroyJavaVM" [_thread_blocked, id=14788, stack(0x00000062da400000,0x00000062da500000)]

Other Threads:
  0x00000172bc4c6cf0 VMThread "VM Thread" [stack: 0x00000062daa00000,0x00000062dab00000] [id=7132]
  0x00000172bd14bd40 WatcherThread [stack: 0x00000062db500000,0x00000062db600000] [id=12904]
  0x00000172a2f36f30 GCTaskThread "GC Thread#0" [stack: 0x00000062da500000,0x00000062da600000] [id=19044]
  0x00000172a2f47e70 ConcurrentGCThread "G1 Main Marker" [stack: 0x00000062da600000,0x00000062da700000] [id=888]
  0x00000172a2f4a110 ConcurrentGCThread "G1 Conc#0" [stack: 0x00000062da700000,0x00000062da800000] [id=17380]
  0x00000172a2fc3360 ConcurrentGCThread "G1 Refine#0" [stack: 0x00000062da800000,0x00000062da900000] [id=10700]
  0x00000172a2fc3e60 ConcurrentGCThread "G1 Service" [stack: 0x00000062da900000,0x00000062daa00000] [id=21784]

Threads with active compile tasks:

VM state: not at safepoint (normal execution)

VM Mutex/Monitor currently owned by a thread:  ([mutex/lock_event])
[0x00000172a2ef3490] MetaspaceExpand_lock - owner thread: 0x00000172bd50bce0

Heap address: 0x0000000081000000, size: 2032 MB, Compressed Oops mode: 32-bit

CDS disabled.
Compressed class space mapped at: 0x0000000100000000-0x0000000140000000, reserved size: 1073741824
Narrow klass base: 0x0000000000000000, Narrow klass shift: 3, Narrow klass range: 0x140000000

GC Precious Log:
 CPUs: 4 total, 4 available
 Memory: 8124M
 Large Page Support: Disabled
 NUMA Support: Disabled
 Compressed Oops: Enabled (32-bit)
 Heap Region Size: 1M
 Heap Min Capacity: 8M
 Heap Initial Capacity: 128M
 Heap Max Capacity: 2032M
 Pre-touch: Disabled
 Parallel Workers: 4
 Concurrent Workers: 1
 Concurrent Refinement Workers: 4
 Periodic GC: Disabled

Heap:
 garbage-first heap   total 131072K, used 4096K [0x0000000081000000, 0x0000000100000000)
  region size 1024K, 5 young (5120K), 0 survivors (0K)
 Metaspace       used 10923K, committed 11072K, reserved 1064960K
  class space    used 1064K, committed 1152K, reserved 1048576K

Heap Regions: E=young(eden), S=young(survivor), O=old, HS=humongous(starts), HC=humongous(continues), CS=collection set, F=free, OA=open archive, CA=closed archive, TAMS=top-at-mark-start (previous, next)
|   0|0x0000000081000000, 0x0000000081000000, 0x0000000081100000|  0%| F|  |TAMS 0x0000000081000000, 0x0000000081000000| Untracked 
|   1|0x0000000081100000, 0x0000000081100000, 0x0000000081200000|  0%| F|  |TAMS 0x0000000081100000, 0x0000000081100000| Untracked 
|   2|0x0000000081200000, 0x0000000081200000, 0x0000000081300000|  0%| F|  |TAMS 0x0000000081200000, 0x0000000081200000| Untracked 
|   3|0x0000000081300000, 0x0000000081300000, 0x0000000081400000|  0%| F|  |TAMS 0x0000000081300000, 0x0000000081300000| Untracked 
|   4|0x0000000081400000, 0x0000000081400000, 0x0000000081500000|  0%| F|  |TAMS 0x0000000081400000, 0x0000000081400000| Untracked 
|   5|0x0000000081500000, 0x0000000081500000, 0x0000000081600000|  0%| F|  |TAMS 0x0000000081500000, 0x0000000081500000| Untracked 
|   6|0x0000000081600000, 0x0000000081600000, 0x0000000081700000|  0%| F|  |TAMS 0x0000000081600000, 0x0000000081600000| Untracked 
|   7|0x0000000081700000, 0x0000000081700000, 0x0000000081800000|  0%| F|  |TAMS 0x0000000081700000, 0x0000000081700000| Untracked 
|   8|0x0000000081800000, 0x0000000081800000, 0x0000000081900000|  0%| F|  |TAMS 0x0000000081800000, 0x0000000081800000| Untracked 
|   9|0x0000000081900000, 0x0000000081900000, 0x0000000081a00000|  0%| F|  |TAMS 0x0000000081900000, 0x0000000081900000| Untracked 
|  10|0x0000000081a00000, 0x0000000081a00000, 0x0000000081b00000|  0%| F|  |TAMS 0x0000000081a00000, 0x0000000081a00000| Untracked 
|  11|0x0000000081b00000, 0x0000000081b00000, 0x0000000081c00000|  0%| F|  |TAMS 0x0000000081b00000, 0x0000000081b00000| Untracked 
|  12|0x0000000081c00000, 0x0000000081c00000, 0x0000000081d00000|  0%| F|  |TAMS 0x0000000081c00000, 0x0000000081c00000| Untracked 
|  13|0x0000000081d00000, 0x0000000081d00000, 0x0000000081e00000|  0%| F|  |TAMS 0x0000000081d00000, 0x0000000081d00000| Untracked 
|  14|0x0000000081e00000, 0x0000000081e00000, 0x0000000081f00000|  0%| F|  |TAMS 0x0000000081e00000, 0x0000000081e00000| Untracked 
|  15|0x0000000081f00000, 0x0000000081f00000, 0x0000000082000000|  0%| F|  |TAMS 0x0000000081f00000, 0x0000000081f00000| Untracked 
|  16|0x0000000082000000, 0x0000000082000000, 0x0000000082100000|  0%| F|  |TAMS 0x0000000082000000, 0x0000000082000000| Untracked 
|  17|0x0000000082100000, 0x0000000082100000, 0x0000000082200000|  0%| F|  |TAMS 0x0000000082100000, 0x0000000082100000| Untracked 
|  18|0x0000000082200000, 0x0000000082200000, 0x0000000082300000|  0%| F|  |TAMS 0x0000000082200000, 0x0000000082200000| Untracked 
|  19|0x0000000082300000, 0x0000000082300000, 0x0000000082400000|  0%| F|  |TAMS 0x0000000082300000, 0x0000000082300000| Untracked 
|  20|0x0000000082400000, 0x0000000082400000, 0x0000000082500000|  0%| F|  |TAMS 0x0000000082400000, 0x0000000082400000| Untracked 
|  21|0x0000000082500000, 0x0000000082500000, 0x0000000082600000|  0%| F|  |TAMS 0x0000000082500000, 0x0000000082500000| Untracked 
|  22|0x0000000082600000, 0x0000000082600000, 0x0000000082700000|  0%| F|  |TAMS 0x0000000082600000, 0x0000000082600000| Untracked 
|  23|0x0000000082700000, 0x0000000082700000, 0x0000000082800000|  0%| F|  |TAMS 0x0000000082700000, 0x0000000082700000| Untracked 
|  24|0x0000000082800000, 0x0000000082800000, 0x0000000082900000|  0%| F|  |TAMS 0x0000000082800000, 0x0000000082800000| Untracked 
|  25|0x0000000082900000, 0x0000000082900000, 0x0000000082a00000|  0%| F|  |TAMS 0x0000000082900000, 0x0000000082900000| Untracked 
|  26|0x0000000082a00000, 0x0000000082a00000, 0x0000000082b00000|  0%| F|  |TAMS 0x0000000082a00000, 0x0000000082a00000| Untracked 
|  27|0x0000000082b00000, 0x0000000082b00000, 0x0000000082c00000|  0%| F|  |TAMS 0x0000000082b00000, 0x0000000082b00000| Untracked 
|  28|0x0000000082c00000, 0x0000000082c00000, 0x0000000082d00000|  0%| F|  |TAMS 0x0000000082c00000, 0x0000000082c00000| Untracked 
|  29|0x0000000082d00000, 0x0000000082d00000, 0x0000000082e00000|  0%| F|  |TAMS 0x0000000082d00000, 0x0000000082d00000| Untracked 
|  30|0x0000000082e00000, 0x0000000082e00000, 0x0000000082f00000|  0%| F|  |TAMS 0x0000000082e00000, 0x0000000082e00000| Untracked 
|  31|0x0000000082f00000, 0x0000000082f00000, 0x0000000083000000|  0%| F|  |TAMS 0x0000000082f00000, 0x0000000082f00000| Untracked 
|  32|0x0000000083000000, 0x0000000083000000, 0x0000000083100000|  0%| F|  |TAMS 0x0000000083000000, 0x0000000083000000| Untracked 
|  33|0x0000000083100000, 0x0000000083100000, 0x0000000083200000|  0%| F|  |TAMS 0x0000000083100000, 0x0000000083100000| Untracked 
|  34|0x0000000083200000, 0x0000000083200000, 0x0000000083300000|  0%| F|  |TAMS 0x0000000083200000, 0x0000000083200000| Untracked 
|  35|0x0000000083300000, 0x0000000083300000, 0x0000000083400000|  0%| F|  |TAMS 0x0000000083300000, 0x0000000083300000| Untracked 
|  36|0x0000000083400000, 0x0000000083400000, 0x0000000083500000|  0%| F|  |TAMS 0x0000000083400000, 0x0000000083400000| Untracked 
|  37|0x0000000083500000, 0x0000000083500000, 0x0000000083600000|  0%| F|  |TAMS 0x0000000083500000, 0x0000000083500000| Untracked 
|  38|0x0000000083600000, 0x0000000083600000, 0x0000000083700000|  0%| F|  |TAMS 0x0000000083600000, 0x0000000083600000| Untracked 
|  39|0x0000000083700000, 0x0000000083700000, 0x0000000083800000|  0%| F|  |TAMS 0x0000000083700000, 0x0000000083700000| Untracked 
|  40|0x0000000083800000, 0x0000000083800000, 0x0000000083900000|  0%| F|  |TAMS 0x0000000083800000, 0x0000000083800000| Untracked 
|  41|0x0000000083900000, 0x0000000083900000, 0x0000000083a00000|  0%| F|  |TAMS 0x0000000083900000, 0x0000000083900000| Untracked 
|  42|0x0000000083a00000, 0x0000000083a00000, 0x0000000083b00000|  0%| F|  |TAMS 0x0000000083a00000, 0x0000000083a00000| Untracked 
|  43|0x0000000083b00000, 0x0000000083b00000, 0x0000000083c00000|  0%| F|  |TAMS 0x0000000083b00000, 0x0000000083b00000| Untracked 
|  44|0x0000000083c00000, 0x0000000083c00000, 0x0000000083d00000|  0%| F|  |TAMS 0x0000000083c00000, 0x0000000083c00000| Untracked 
|  45|0x0000000083d00000, 0x0000000083d00000, 0x0000000083e00000|  0%| F|  |TAMS 0x0000000083d00000, 0x0000000083d00000| Untracked 
|  46|0x0000000083e00000, 0x0000000083e00000, 0x0000000083f00000|  0%| F|  |TAMS 0x0000000083e00000, 0x0000000083e00000| Untracked 
|  47|0x0000000083f00000, 0x0000000083f00000, 0x0000000084000000|  0%| F|  |TAMS 0x0000000083f00000, 0x0000000083f00000| Untracked 
|  48|0x0000000084000000, 0x0000000084000000, 0x0000000084100000|  0%| F|  |TAMS 0x0000000084000000, 0x0000000084000000| Untracked 
|  49|0x0000000084100000, 0x0000000084100000, 0x0000000084200000|  0%| F|  |TAMS 0x0000000084100000, 0x0000000084100000| Untracked 
|  50|0x0000000084200000, 0x0000000084200000, 0x0000000084300000|  0%| F|  |TAMS 0x0000000084200000, 0x0000000084200000| Untracked 
|  51|0x0000000084300000, 0x0000000084300000, 0x0000000084400000|  0%| F|  |TAMS 0x0000000084300000, 0x0000000084300000| Untracked 
|  52|0x0000000084400000, 0x0000000084400000, 0x0000000084500000|  0%| F|  |TAMS 0x0000000084400000, 0x0000000084400000| Untracked 
|  53|0x0000000084500000, 0x0000000084500000, 0x0000000084600000|  0%| F|  |TAMS 0x0000000084500000, 0x0000000084500000| Untracked 
|  54|0x0000000084600000, 0x0000000084600000, 0x0000000084700000|  0%| F|  |TAMS 0x0000000084600000, 0x0000000084600000| Untracked 
|  55|0x0000000084700000, 0x0000000084700000, 0x0000000084800000|  0%| F|  |TAMS 0x0000000084700000, 0x0000000084700000| Untracked 
|  56|0x0000000084800000, 0x0000000084800000, 0x0000000084900000|  0%| F|  |TAMS 0x0000000084800000, 0x0000000084800000| Untracked 
|  57|0x0000000084900000, 0x0000000084900000, 0x0000000084a00000|  0%| F|  |TAMS 0x0000000084900000, 0x0000000084900000| Untracked 
|  58|0x0000000084a00000, 0x0000000084a00000, 0x0000000084b00000|  0%| F|  |TAMS 0x0000000084a00000, 0x0000000084a00000| Untracked 
|  59|0x0000000084b00000, 0x0000000084b00000, 0x0000000084c00000|  0%| F|  |TAMS 0x0000000084b00000, 0x0000000084b00000| Untracked 
|  60|0x0000000084c00000, 0x0000000084c00000, 0x0000000084d00000|  0%| F|  |TAMS 0x0000000084c00000, 0x0000000084c00000| Untracked 
|  61|0x0000000084d00000, 0x0000000084d00000, 0x0000000084e00000|  0%| F|  |TAMS 0x0000000084d00000, 0x0000000084d00000| Untracked 
|  62|0x0000000084e00000, 0x0000000084e00000, 0x0000000084f00000|  0%| F|  |TAMS 0x0000000084e00000, 0x0000000084e00000| Untracked 
|  63|0x0000000084f00000, 0x0000000084f00000, 0x0000000085000000|  0%| F|  |TAMS 0x0000000084f00000, 0x0000000084f00000| Untracked 
|  64|0x0000000085000000, 0x0000000085000000, 0x0000000085100000|  0%| F|  |TAMS 0x0000000085000000, 0x0000000085000000| Untracked 
|  65|0x0000000085100000, 0x0000000085100000, 0x0000000085200000|  0%| F|  |TAMS 0x0000000085100000, 0x0000000085100000| Untracked 
|  66|0x0000000085200000, 0x0000000085200000, 0x0000000085300000|  0%| F|  |TAMS 0x0000000085200000, 0x0000000085200000| Untracked 
|  67|0x0000000085300000, 0x0000000085300000, 0x0000000085400000|  0%| F|  |TAMS 0x0000000085300000, 0x0000000085300000| Untracked 
|  68|0x0000000085400000, 0x0000000085400000, 0x0000000085500000|  0%| F|  |TAMS 0x0000000085400000, 0x0000000085400000| Untracked 
|  69|0x0000000085500000, 0x0000000085500000, 0x0000000085600000|  0%| F|  |TAMS 0x0000000085500000, 0x0000000085500000| Untracked 
|  70|0x0000000085600000, 0x0000000085600000, 0x0000000085700000|  0%| F|  |TAMS 0x0000000085600000, 0x0000000085600000| Untracked 
|  71|0x0000000085700000, 0x0000000085700000, 0x0000000085800000|  0%| F|  |TAMS 0x0000000085700000, 0x0000000085700000| Untracked 
|  72|0x0000000085800000, 0x0000000085800000, 0x0000000085900000|  0%| F|  |TAMS 0x0000000085800000, 0x0000000085800000| Untracked 
|  73|0x0000000085900000, 0x0000000085900000, 0x0000000085a00000|  0%| F|  |TAMS 0x0000000085900000, 0x0000000085900000| Untracked 
|  74|0x0000000085a00000, 0x0000000085a00000, 0x0000000085b00000|  0%| F|  |TAMS 0x0000000085a00000, 0x0000000085a00000| Untracked 
|  75|0x0000000085b00000, 0x0000000085b00000, 0x0000000085c00000|  0%| F|  |TAMS 0x0000000085b00000, 0x0000000085b00000| Untracked 
|  76|0x0000000085c00000, 0x0000000085c00000, 0x0000000085d00000|  0%| F|  |TAMS 0x0000000085c00000, 0x0000000085c00000| Untracked 
|  77|0x0000000085d00000, 0x0000000085d00000, 0x0000000085e00000|  0%| F|  |TAMS 0x0000000085d00000, 0x0000000085d00000| Untracked 
|  78|0x0000000085e00000, 0x0000000085e00000, 0x0000000085f00000|  0%| F|  |TAMS 0x0000000085e00000, 0x0000000085e00000| Untracked 
|  79|0x0000000085f00000, 0x0000000085f00000, 0x0000000086000000|  0%| F|  |TAMS 0x0000000085f00000, 0x0000000085f00000| Untracked 
|  80|0x0000000086000000, 0x0000000086000000, 0x0000000086100000|  0%| F|  |TAMS 0x0000000086000000, 0x0000000086000000| Untracked 
|  81|0x0000000086100000, 0x0000000086100000, 0x0000000086200000|  0%| F|  |TAMS 0x0000000086100000, 0x0000000086100000| Untracked 
|  82|0x0000000086200000, 0x0000000086200000, 0x0000000086300000|  0%| F|  |TAMS 0x0000000086200000, 0x0000000086200000| Untracked 
|  83|0x0000000086300000, 0x0000000086300000, 0x0000000086400000|  0%| F|  |TAMS 0x0000000086300000, 0x0000000086300000| Untracked 
|  84|0x0000000086400000, 0x0000000086400000, 0x0000000086500000|  0%| F|  |TAMS 0x0000000086400000, 0x0000000086400000| Untracked 
|  85|0x0000000086500000, 0x0000000086500000, 0x0000000086600000|  0%| F|  |TAMS 0x0000000086500000, 0x0000000086500000| Untracked 
|  86|0x0000000086600000, 0x0000000086600000, 0x0000000086700000|  0%| F|  |TAMS 0x0000000086600000, 0x0000000086600000| Untracked 
|  87|0x0000000086700000, 0x0000000086700000, 0x0000000086800000|  0%| F|  |TAMS 0x0000000086700000, 0x0000000086700000| Untracked 
|  88|0x0000000086800000, 0x0000000086800000, 0x0000000086900000|  0%| F|  |TAMS 0x0000000086800000, 0x0000000086800000| Untracked 
|  89|0x0000000086900000, 0x0000000086900000, 0x0000000086a00000|  0%| F|  |TAMS 0x0000000086900000, 0x0000000086900000| Untracked 
|  90|0x0000000086a00000, 0x0000000086a00000, 0x0000000086b00000|  0%| F|  |TAMS 0x0000000086a00000, 0x0000000086a00000| Untracked 
|  91|0x0000000086b00000, 0x0000000086b00000, 0x0000000086c00000|  0%| F|  |TAMS 0x0000000086b00000, 0x0000000086b00000| Untracked 
|  92|0x0000000086c00000, 0x0000000086c00000, 0x0000000086d00000|  0%| F|  |TAMS 0x0000000086c00000, 0x0000000086c00000| Untracked 
|  93|0x0000000086d00000, 0x0000000086d00000, 0x0000000086e00000|  0%| F|  |TAMS 0x0000000086d00000, 0x0000000086d00000| Untracked 
|  94|0x0000000086e00000, 0x0000000086e00000, 0x0000000086f00000|  0%| F|  |TAMS 0x0000000086e00000, 0x0000000086e00000| Untracked 
|  95|0x0000000086f00000, 0x0000000086f00000, 0x0000000087000000|  0%| F|  |TAMS 0x0000000086f00000, 0x0000000086f00000| Untracked 
|  96|0x0000000087000000, 0x0000000087000000, 0x0000000087100000|  0%| F|  |TAMS 0x0000000087000000, 0x0000000087000000| Untracked 
|  97|0x0000000087100000, 0x0000000087100000, 0x0000000087200000|  0%| F|  |TAMS 0x0000000087100000, 0x0000000087100000| Untracked 
|  98|0x0000000087200000, 0x0000000087200000, 0x0000000087300000|  0%| F|  |TAMS 0x0000000087200000, 0x0000000087200000| Untracked 
|  99|0x0000000087300000, 0x0000000087300000, 0x0000000087400000|  0%| F|  |TAMS 0x0000000087300000, 0x0000000087300000| Untracked 
| 100|0x0000000087400000, 0x0000000087400000, 0x0000000087500000|  0%| F|  |TAMS 0x0000000087400000, 0x0000000087400000| Untracked 
| 101|0x0000000087500000, 0x0000000087500000, 0x0000000087600000|  0%| F|  |TAMS 0x0000000087500000, 0x0000000087500000| Untracked 
| 102|0x0000000087600000, 0x0000000087600000, 0x0000000087700000|  0%| F|  |TAMS 0x0000000087600000, 0x0000000087600000| Untracked 
| 103|0x0000000087700000, 0x0000000087700000, 0x0000000087800000|  0%| F|  |TAMS 0x0000000087700000, 0x0000000087700000| Untracked 
| 104|0x0000000087800000, 0x0000000087800000, 0x0000000087900000|  0%| F|  |TAMS 0x0000000087800000, 0x0000000087800000| Untracked 
| 105|0x0000000087900000, 0x0000000087900000, 0x0000000087a00000|  0%| F|  |TAMS 0x0000000087900000, 0x0000000087900000| Untracked 
| 106|0x0000000087a00000, 0x0000000087a00000, 0x0000000087b00000|  0%| F|  |TAMS 0x0000000087a00000, 0x0000000087a00000| Untracked 
| 107|0x0000000087b00000, 0x0000000087b00000, 0x0000000087c00000|  0%| F|  |TAMS 0x0000000087b00000, 0x0000000087b00000| Untracked 
| 108|0x0000000087c00000, 0x0000000087c00000, 0x0000000087d00000|  0%| F|  |TAMS 0x0000000087c00000, 0x0000000087c00000| Untracked 
| 109|0x0000000087d00000, 0x0000000087d00000, 0x0000000087e00000|  0%| F|  |TAMS 0x0000000087d00000, 0x0000000087d00000| Untracked 
| 110|0x0000000087e00000, 0x0000000087e00000, 0x0000000087f00000|  0%| F|  |TAMS 0x0000000087e00000, 0x0000000087e00000| Untracked 
| 111|0x0000000087f00000, 0x0000000087f00000, 0x0000000088000000|  0%| F|  |TAMS 0x0000000087f00000, 0x0000000087f00000| Untracked 
| 112|0x0000000088000000, 0x0000000088000000, 0x0000000088100000|  0%| F|  |TAMS 0x0000000088000000, 0x0000000088000000| Untracked 
| 113|0x0000000088100000, 0x0000000088100000, 0x0000000088200000|  0%| F|  |TAMS 0x0000000088100000, 0x0000000088100000| Untracked 
| 114|0x0000000088200000, 0x0000000088200000, 0x0000000088300000|  0%| F|  |TAMS 0x0000000088200000, 0x0000000088200000| Untracked 
| 115|0x0000000088300000, 0x0000000088300000, 0x0000000088400000|  0%| F|  |TAMS 0x0000000088300000, 0x0000000088300000| Untracked 
| 116|0x0000000088400000, 0x0000000088400000, 0x0000000088500000|  0%| F|  |TAMS 0x0000000088400000, 0x0000000088400000| Untracked 
| 117|0x0000000088500000, 0x0000000088500000, 0x0000000088600000|  0%| F|  |TAMS 0x0000000088500000, 0x0000000088500000| Untracked 
| 118|0x0000000088600000, 0x0000000088600000, 0x0000000088700000|  0%| F|  |TAMS 0x0000000088600000, 0x0000000088600000| Untracked 
| 119|0x0000000088700000, 0x0000000088700000, 0x0000000088800000|  0%| F|  |TAMS 0x0000000088700000, 0x0000000088700000| Untracked 
| 120|0x0000000088800000, 0x0000000088800000, 0x0000000088900000|  0%| F|  |TAMS 0x0000000088800000, 0x0000000088800000| Untracked 
| 121|0x0000000088900000, 0x0000000088900000, 0x0000000088a00000|  0%| F|  |TAMS 0x0000000088900000, 0x0000000088900000| Untracked 
| 122|0x0000000088a00000, 0x0000000088a00000, 0x0000000088b00000|  0%| F|  |TAMS 0x0000000088a00000, 0x0000000088a00000| Untracked 
| 123|0x0000000088b00000, 0x0000000088bc8520, 0x0000000088c00000| 78%| E|  |TAMS 0x0000000088b00000, 0x0000000088b00000| Complete 
| 124|0x0000000088c00000, 0x0000000088d00000, 0x0000000088d00000|100%| E|CS|TAMS 0x0000000088c00000, 0x0000000088c00000| Complete 
| 125|0x0000000088d00000, 0x0000000088e00000, 0x0000000088e00000|100%| E|CS|TAMS 0x0000000088d00000, 0x0000000088d00000| Complete 
| 126|0x0000000088e00000, 0x0000000088f00000, 0x0000000088f00000|100%| E|CS|TAMS 0x0000000088e00000, 0x0000000088e00000| Complete 
| 127|0x0000000088f00000, 0x0000000089000000, 0x0000000089000000|100%| E|CS|TAMS 0x0000000088f00000, 0x0000000088f00000| Complete 

Card table byte_map: [0x00000172b5880000,0x00000172b5c80000] _byte_map_base: 0x00000172b5478000

Marking Bits (Prev, Next): (CMBitMap*) 0x00000172a2f37620, (CMBitMap*) 0x00000172a2f37660
 Prev Bits: [0x00000172b6080000, 0x00000172b8040000)
 Next Bits: [0x00000172b8040000, 0x00000172ba000000)

Polling page: 0x00000172a0ea0000

Metaspace:

Usage:
  Non-class:      9.63 MB used.
      Class:      1.04 MB used.
       Both:     10.67 MB used.

Virtual space:
  Non-class space:       16.00 MB reserved,       9.69 MB ( 61%) committed,  2 nodes.
      Class space:        1.00 GB reserved,       1.12 MB ( <1%) committed,  1 nodes.
              Both:        1.02 GB reserved,      10.81 MB (  1%) committed. 

Chunk freelists:
   Non-Class:  2.22 MB
       Class:  2.75 MB
        Both:  4.97 MB

MaxMetaspaceSize: 17179869184.00 GB
CompressedClassSpaceSize: 1.00 GB
 - commit_granule_bytes: 65536.
 - commit_granule_words: 8192.
 - virtual_space_node_default_size: 1048576.
 - enlarge_chunks_in_place: 1.
 - new_chunks_are_fully_committed: 0.
 - uncommit_free_chunks: 1.
 - use_allocation_guard: 0.
 - handle_deallocations: 1.


Internal statistics:

num_allocs_failed_limit: 0.
num_arena_births: 92.
num_arena_deaths: 0.
num_vsnodes_births: 3.
num_vsnodes_deaths: 0.
num_space_committed: 173.
num_space_uncommitted: 0.
num_chunks_returned_to_freelist: 0.
num_chunks_taken_from_freelist: 137.
num_chunk_merges: 0.
num_chunk_splits: 77.
num_chunks_enlarged: 37.
num_purges: 0.

CodeHeap 'non-profiled nmethods': size=120000Kb used=132Kb max_used=132Kb free=119867Kb
 bounds [0x00000172adf50000, 0x00000172ae1c0000, 0x00000172b5480000]
CodeHeap 'profiled nmethods': size=120000Kb used=710Kb max_used=710Kb free=119289Kb
 bounds [0x00000172a6a20000, 0x00000172a6c90000, 0x00000172adf50000]
CodeHeap 'non-nmethods': size=5760Kb used=1181Kb max_used=1191Kb free=4578Kb
 bounds [0x00000172a6480000, 0x00000172a66f0000, 0x00000172a6a20000]
 total_blobs=971 nmethods=493 adapters=391
 compilation: enabled
              stopped_count=0, restarted_count=0
 full_count=0

Compilation events (20 events):
Event: 0.827 Thread 0x00000172bc527a40  484       3       java.lang.CharacterData::of (124 bytes)
Event: 0.828 Thread 0x00000172bc527a40 nmethod 484 0x00000172a6acd890 code [0x00000172a6acdac0, 0x00000172a6ace3f8]
Event: 0.828 Thread 0x00000172bc527a40  485       3       java.util.ImmutableCollections$List12::size (16 bytes)
Event: 0.829 Thread 0x00000172bc527a40 nmethod 485 0x00000172a6ace610 code [0x00000172a6ace7c0, 0x00000172a6ace958]
Event: 0.829 Thread 0x00000172bc527a40  486       3       java.util.ImmutableCollections$SetN::contains (26 bytes)
Event: 0.829 Thread 0x00000172bc527a40 nmethod 486 0x00000172a6acea10 code [0x00000172a6acebe0, 0x00000172a6acef18]
Event: 0.830 Thread 0x00000172bc527a40  487       3       java.util.HashMap$KeyIterator::next (8 bytes)
Event: 0.830 Thread 0x00000172bc527a40 nmethod 487 0x00000172a6acf010 code [0x00000172a6acf1c0, 0x00000172a6acf308]
Event: 0.830 Thread 0x00000172bc527a40  488       3       java.lang.String::endsWith (15 bytes)
Event: 0.830 Thread 0x00000172bc527a40 nmethod 488 0x00000172a6acf410 code [0x00000172a6acf5e0, 0x00000172a6acf928]
Event: 0.830 Thread 0x00000172bc527a40  489       3       sun.util.ResourceBundleEnumeration::hasMoreElements (117 bytes)
Event: 0.830 Thread 0x00000172bc527a40 nmethod 489 0x00000172a6acfb10 code [0x00000172a6acfd40, 0x00000172a6ad07a8]
Event: 0.833 Thread 0x00000172bc527a40  490       3       sun.util.logging.PlatformLogger::isLoggable (23 bytes)
Event: 0.834 Thread 0x00000172bc527a40 nmethod 490 0x00000172a6ad0990 code [0x00000172a6ad0b60, 0x00000172a6ad0e38]
Event: 0.834 Thread 0x00000172bc527a40  491       3       jdk.internal.logger.AbstractLoggerWrapper::isLoggable (26 bytes)
Event: 0.834 Thread 0x00000172bc527a40 nmethod 491 0x00000172a6ad0f10 code [0x00000172a6ad1100, 0x00000172a6ad1678]
Event: 0.835 Thread 0x00000172bd00dae0  492       4       java.util.concurrent.ConcurrentHashMap::tabAt (22 bytes)
Event: 0.836 Thread 0x00000172bd00dae0 nmethod 492 0x00000172adf70f10 code [0x00000172adf71080, 0x00000172adf710d8]
Event: 0.837 Thread 0x00000172bc527a40  493       3       java.lang.reflect.Array::newInstance (6 bytes)
Event: 0.837 Thread 0x00000172bc527a40 nmethod 493 0x00000172a6ad1810 code [0x00000172a6ad19c0, 0x00000172a6ad1ac8]

GC Heap History (0 events):
No events

Deoptimization events (0 events):
No events

Classes unloaded (0 events):
No events

Classes redefined (0 events):
No events

Internal exceptions (11 events):
Event: 0.462 Thread 0x00000172a2ef8a20 Exception <a 'java/lang/NoSuchMethodError'{0x0000000088e58d18}: 'void java.lang.invoke.DirectMethodHandle$Holder.invokeSpecial(java.lang.Object, java.lang.Object, java.lang.Object)'> (0x0000000088e58d18) 
thrown [t:\workspace\open\src\hotspot\share\interpreter\linkResolver.cpp, line 790]
Event: 0.498 Thread 0x00000172a2ef8a20 Exception <a 'java/lang/ClassNotFoundException'{0x0000000088e89988}: sun/awt/resources/spi/awtProvider> (0x0000000088e89988) 
thrown [t:\workspace\open\src\hotspot\share\classfile\systemDictionary.cpp, line 256]
Event: 0.557 Thread 0x00000172a2ef8a20 Exception <a 'java/io/FileNotFoundException'{0x0000000088d01420}> (0x0000000088d01420) 
thrown [t:\workspace\open\src\hotspot\share\prims\jni.cpp, line 579]
Event: 0.571 Thread 0x00000172a2ef8a20 Exception <a 'java/io/FileNotFoundException'{0x0000000088d2fce8}> (0x0000000088d2fce8) 
thrown [t:\workspace\open\src\hotspot\share\prims\jni.cpp, line 579]
Event: 0.572 Thread 0x00000172a2ef8a20 Exception <a 'java/lang/NoSuchMethodError'{0x0000000088d31018}: 'java.lang.Object java.lang.invoke.DirectMethodHandle$Holder.invokeStatic(java.lang.Object)'> (0x0000000088d31018) 
thrown [t:\workspace\open\src\hotspot\share\interpreter\linkResolver.cpp, line 790]
Event: 0.652 Thread 0x00000172a2ef8a20 Exception <a 'java/lang/NoSuchMethodError'{0x0000000088d8a990}: 'java.lang.Object java.lang.invoke.DirectMethodHandle$Holder.invokeStaticInit(java.lang.Object)'> (0x0000000088d8a990) 
thrown [t:\workspace\open\src\hotspot\share\interpreter\linkResolver.cpp, line 790]
Event: 0.712 Thread 0x00000172a2ef8a20 Exception <a 'java/lang/NoSuchMethodError'{0x0000000088c15eb8}: 'java.lang.Object java.lang.invoke.DirectMethodHandle$Holder.newInvokeSpecial(java.lang.Object, java.lang.Object, java.lang.Object, java.lang.Object, java.lang.Object)'> (0x0000000088c15eb8) 
thrown [t:\workspace\open\src\hotspot\share\interpreter\linkResolver.cpp, line 790]
Event: 0.717 Thread 0x00000172a2ef8a20 Exception <a 'java/lang/NoSuchMethodError'{0x0000000088c219a0}: 'java.lang.Object java.lang.invoke.DirectMethodHandle$Holder.invokeStatic(java.lang.Object, int, java.lang.Object, java.lang.Object, java.lang.Object, java.lang.Object)'> (0x0000000088c219a0) 
thrown [t:\workspace\open\src\hotspot\share\interpreter\linkResolver.cpp, line 790]
Event: 0.725 Thread 0x00000172a2ef8a20 Exception <a 'java/lang/NoSuchMethodError'{0x0000000088c47a08}: 'java.lang.Object java.lang.invoke.DirectMethodHandle$Holder.invokeStatic(java.lang.Object, int, java.lang.Object)'> (0x0000000088c47a08) 
thrown [t:\workspace\open\src\hotspot\share\interpreter\linkResolver.cpp, line 790]
Event: 0.827 Thread 0x00000172bd50bce0 Exception <a 'java/lang/ClassNotFoundException'{0x0000000088b669c0}: com/sun/swing/internal/plaf/metal/resources/spi/metalProvider> (0x0000000088b669c0) 
thrown [t:\workspace\open\src\hotspot\share\classfile\systemDictionary.cpp, line 256]
Event: 0.828 Thread 0x00000172bd50bce0 Exception <a 'java/lang/ClassNotFoundException'{0x0000000088b6ae08}: com/sun/swing/internal/plaf/basic/resources/spi/basicProvider> (0x0000000088b6ae08) 
thrown [t:\workspace\open\src\hotspot\share\classfile\systemDictionary.cpp, line 256]

Events (20 events):
Event: 0.835 loading class javax/swing/plaf/basic/BasicRootPaneUI done
Event: 0.836 loading class javax/swing/plaf/metal/MetalRootPaneUI done
Event: 0.836 loading class javax/swing/plaf/basic/BasicRootPaneUI$RootPaneInputMap
Event: 0.836 loading class javax/swing/plaf/ComponentInputMapUIResource
Event: 0.836 loading class javax/swing/ComponentInputMap
Event: 0.836 loading class javax/swing/InputMap
Event: 0.836 loading class javax/swing/InputMap done
Event: 0.836 loading class javax/swing/ComponentInputMap done
Event: 0.836 loading class javax/swing/plaf/ComponentInputMapUIResource done
Event: 0.836 loading class javax/swing/plaf/basic/BasicRootPaneUI$RootPaneInputMap done
Event: 0.836 loading class javax/swing/plaf/InputMapUIResource
Event: 0.836 loading class javax/swing/plaf/InputMapUIResource done
Event: 0.836 loading class java/util/StringTokenizer
Event: 0.837 loading class java/util/StringTokenizer done
Event: 0.838 loading class java/awt/VKCollection
Event: 0.838 loading class java/awt/VKCollection done
Event: 0.839 loading class jdk/internal/reflect/UnsafeFieldAccessorFactory
Event: 0.839 loading class jdk/internal/reflect/UnsafeFieldAccessorFactory done
Event: 0.841 loading class java/awt/event/KeyEvent$1
Event: 0.841 loading class sun/awt/AWTAccessor$KeyEventAccessor


Dynamic libraries:
0x00007ff6b3d50000 - 0x00007ff6b3d5e000 	C:\Users\HP\.p2\pool\plugins\org.eclipse.justj.openjdk.hotspot.jre.full.win32.x86_64_16.0.2.v20210721-1149\jre\bin\javaw.exe
0x00007ff9851f0000 - 0x00007ff9853e5000 	C:\WINDOWS\SYSTEM32\ntdll.dll
0x00007ff983d20000 - 0x00007ff983ddd000 	C:\WINDOWS\System32\KERNEL32.DLL
0x00007ff982c30000 - 0x00007ff982efd000 	C:\WINDOWS\System32\KERNELBASE.dll
0x00007ff983090000 - 0x00007ff983190000 	C:\WINDOWS\System32\ucrtbase.dll
0x00007ff973bd0000 - 0x00007ff973be9000 	C:\Users\HP\.p2\pool\plugins\org.eclipse.justj.openjdk.hotspot.jre.full.win32.x86_64_16.0.2.v20210721-1149\jre\bin\VCRUNTIME140.dll
0x00007ff973fb0000 - 0x00007ff973fc8000 	C:\Users\HP\.p2\pool\plugins\org.eclipse.justj.openjdk.hotspot.jre.full.win32.x86_64_16.0.2.v20210721-1149\jre\bin\jli.dll
0x00007ff983ec0000 - 0x00007ff984060000 	C:\WINDOWS\System32\USER32.dll
0x00007ff982f50000 - 0x00007ff982f72000 	C:\WINDOWS\System32\win32u.dll
0x00007ff9839f0000 - 0x00007ff983a1a000 	C:\WINDOWS\System32\GDI32.dll
0x00007ff982f80000 - 0x00007ff98308b000 	C:\WINDOWS\System32\gdi32full.dll
0x00007ff982b90000 - 0x00007ff982c2d000 	C:\WINDOWS\System32\msvcp_win.dll
0x00007ff977cd0000 - 0x00007ff977f6a000 	C:\WINDOWS\WinSxS\amd64_microsoft.windows.common-controls_6595b64144ccf1df_6.0.19041.1110_none_60b5254171f9507e\COMCTL32.dll
0x00007ff985010000 - 0x00007ff9850ae000 	C:\WINDOWS\System32\msvcrt.dll
0x00007ff983de0000 - 0x00007ff983e10000 	C:\WINDOWS\System32\IMM32.DLL
0x00007ff97f970000 - 0x00007ff97f97c000 	C:\Users\HP\.p2\pool\plugins\org.eclipse.justj.openjdk.hotspot.jre.full.win32.x86_64_16.0.2.v20210721-1149\jre\bin\vcruntime140_1.dll
0x00007ff95f8a0000 - 0x00007ff95f931000 	C:\Users\HP\.p2\pool\plugins\org.eclipse.justj.openjdk.hotspot.jre.full.win32.x86_64_16.0.2.v20210721-1149\jre\bin\msvcp140.dll
0x00007ff93b980000 - 0x00007ff93c52b000 	C:\Users\HP\.p2\pool\plugins\org.eclipse.justj.openjdk.hotspot.jre.full.win32.x86_64_16.0.2.v20210721-1149\jre\bin\server\jvm.dll
0x00007ff984ac0000 - 0x00007ff984b6e000 	C:\WINDOWS\System32\ADVAPI32.dll
0x00007ff983a20000 - 0x00007ff983abc000 	C:\WINDOWS\System32\sechost.dll
0x00007ff983ac0000 - 0x00007ff983be5000 	C:\WINDOWS\System32\RPCRT4.dll
0x00007ff9851a0000 - 0x00007ff9851a8000 	C:\WINDOWS\System32\PSAPI.DLL
0x00007ff976fa0000 - 0x00007ff976fa9000 	C:\WINDOWS\SYSTEM32\WSOCK32.dll
0x00007ff9850b0000 - 0x00007ff98511b000 	C:\WINDOWS\System32\WS2_32.dll
0x00007ff978c20000 - 0x00007ff978c47000 	C:\WINDOWS\SYSTEM32\WINMM.dll
0x00007ff97c3b0000 - 0x00007ff97c3ba000 	C:\WINDOWS\SYSTEM32\VERSION.dll
0x00007ff981190000 - 0x00007ff9811a2000 	C:\WINDOWS\SYSTEM32\kernel.appcore.dll
0x00007ff974b10000 - 0x00007ff974b1a000 	C:\Users\HP\.p2\pool\plugins\org.eclipse.justj.openjdk.hotspot.jre.full.win32.x86_64_16.0.2.v20210721-1149\jre\bin\jimage.dll
0x00007ff970ff0000 - 0x00007ff9711d4000 	C:\WINDOWS\SYSTEM32\DBGHELP.DLL
0x00007ff971570000 - 0x00007ff97159c000 	C:\WINDOWS\SYSTEM32\dbgcore.DLL
0x00007ff982930000 - 0x00007ff9829b2000 	C:\WINDOWS\System32\bcryptPrimitives.dll
0x00007ff974780000 - 0x00007ff9747a5000 	C:\Users\HP\.p2\pool\plugins\org.eclipse.justj.openjdk.hotspot.jre.full.win32.x86_64_16.0.2.v20210721-1149\jre\bin\java.dll
0x00007ff973bb0000 - 0x00007ff973bc8000 	C:\Users\HP\.p2\pool\plugins\org.eclipse.justj.openjdk.hotspot.jre.full.win32.x86_64_16.0.2.v20210721-1149\jre\bin\zip.dll
0x00007ff983240000 - 0x00007ff983984000 	C:\WINDOWS\System32\SHELL32.dll
0x00007ff980450000 - 0x00007ff980be4000 	C:\WINDOWS\SYSTEM32\windows.storage.dll
0x00007ff984b70000 - 0x00007ff984ec4000 	C:\WINDOWS\System32\combase.dll
0x00007ff982360000 - 0x00007ff98238c000 	C:\WINDOWS\SYSTEM32\Wldp.dll
0x00007ff984ed0000 - 0x00007ff984f7d000 	C:\WINDOWS\System32\SHCORE.dll
0x00007ff984a60000 - 0x00007ff984ab5000 	C:\WINDOWS\System32\shlwapi.dll
0x00007ff982840000 - 0x00007ff98285f000 	C:\WINDOWS\SYSTEM32\profapi.dll
0x00007ff973b90000 - 0x00007ff973ba9000 	C:\Users\HP\.p2\pool\plugins\org.eclipse.justj.openjdk.hotspot.jre.full.win32.x86_64_16.0.2.v20210721-1149\jre\bin\net.dll
0x00007ff978a30000 - 0x00007ff978b3a000 	C:\WINDOWS\SYSTEM32\WINHTTP.dll
0x00007ff9820c0000 - 0x00007ff98212a000 	C:\WINDOWS\system32\mswsock.dll
0x00007ff973b70000 - 0x00007ff973b83000 	C:\Users\HP\.p2\pool\plugins\org.eclipse.justj.openjdk.hotspot.jre.full.win32.x86_64_16.0.2.v20210721-1149\jre\bin\nio.dll
0x00007ff95e3f0000 - 0x00007ff95e56f000 	C:\Users\HP\.p2\pool\plugins\org.eclipse.justj.openjdk.hotspot.jre.full.win32.x86_64_16.0.2.v20210721-1149\jre\bin\awt.dll
0x00007ff9841c0000 - 0x00007ff98428d000 	C:\WINDOWS\System32\OLEAUT32.dll
0x00007ff97fb10000 - 0x00007ff97fba0000 	C:\WINDOWS\SYSTEM32\apphelp.dll
0x00007ff97fcd0000 - 0x00007ff97fd6e000 	C:\WINDOWS\system32\uxtheme.dll
0x00007ff984940000 - 0x00007ff984a55000 	C:\WINDOWS\System32\MSCTF.dll
0x00007ff983bf0000 - 0x00007ff983d1a000 	C:\WINDOWS\System32\ole32.dll
0x00007ff97fee0000 - 0x00007ff97ff0f000 	C:\WINDOWS\system32\DWMAPI.DLL
0x00007ff94af90000 - 0x00007ff94b0b6000 	C:\WINDOWS\system32\opengl32.dll
0x00007ff95da00000 - 0x00007ff95da2c000 	C:\WINDOWS\SYSTEM32\GLU32.dll
0x00007ff9824f0000 - 0x00007ff982502000 	C:\WINDOWS\SYSTEM32\msasn1.dll
0x00007ff97c370000 - 0x00007ff97c3a1000 	C:\WINDOWS\SYSTEM32\cryptnet.dll
0x00007ff9829c0000 - 0x00007ff982b16000 	C:\WINDOWS\System32\CRYPT32.dll
0x00007ff982b20000 - 0x00007ff982b88000 	C:\WINDOWS\System32\WINTRUST.DLL
0x00007ff984920000 - 0x00007ff98493d000 	C:\WINDOWS\System32\imagehlp.dll
0x00007ff97acc0000 - 0x00007ff97acfb000 	C:\WINDOWS\SYSTEM32\dxcore.dll
0x00007ff982f00000 - 0x00007ff982f4e000 	C:\WINDOWS\System32\cfgmgr32.dll

dbghelp: loaded successfully - version: 4.0.5 - missing functions: none
symbol engine: initialized successfully - sym options: 0x614 - pdb path: .;C:\Users\HP\.p2\pool\plugins\org.eclipse.justj.openjdk.hotspot.jre.full.win32.x86_64_16.0.2.v20210721-1149\jre\bin;C:\WINDOWS\SYSTEM32;C:\WINDOWS\WinSxS\amd64_microsoft.windows.common-controls_6595b64144ccf1df_6.0.19041.1110_none_60b5254171f9507e;C:\Users\HP\.p2\pool\plugins\org.eclipse.justj.openjdk.hotspot.jre.full.win32.x86_64_16.0.2.v20210721-1149\jre\bin\server

VM Arguments:
jvm_args: -Dfile.encoding=UTF-8 -XX:+ShowCodeDetailsInExceptionMessages 
java_command: UI.FrmKhachHang
java_class_path (initial): C:\Users\HP\eclipse-workspace\QLLinhKien\bin;C:\Users\HP\eclipse-workspace\QLLinhKien\lib\jcalendar-1.4.jar;C:\Users\HP\eclipse-workspace\QLLinhKien\lib\sqljdbc4.jar;C:\Users\HP\eclipse-workspace\QLLinhKien\lib\swingx-all-1.6.4.jar
Launcher Type: SUN_STANDARD

[Global flags]
     intx CICompilerCount                          = 3                                         {product} {ergonomic}
     uint ConcGCThreads                            = 1                                         {product} {ergonomic}
     uint G1ConcRefinementThreads                  = 4                                         {product} {ergonomic}
   size_t G1HeapRegionSize                         = 1048576                                   {product} {ergonomic}
    uintx GCDrainStackTargetSize                   = 64                                        {product} {ergonomic}
   size_t InitialHeapSize                          = 134217728                                 {product} {ergonomic}
   size_t MarkStackSize                            = 4194304                                   {product} {ergonomic}
   size_t MaxHeapSize                              = 2130706432                                {product} {ergonomic}
   size_t MaxNewSize                               = 1278214144                                {product} {ergonomic}
   size_t MinHeapDeltaBytes                        = 1048576                                   {product} {ergonomic}
   size_t MinHeapSize                              = 8388608                                   {product} {ergonomic}
    uintx NonNMethodCodeHeapSize                   = 5832780                                {pd product} {ergonomic}
    uintx NonProfiledCodeHeapSize                  = 122912730                              {pd product} {ergonomic}
    uintx ProfiledCodeHeapSize                     = 122912730                              {pd product} {ergonomic}
    uintx ReservedCodeCacheSize                    = 251658240                              {pd product} {ergonomic}
     bool SegmentedCodeCache                       = true                                      {product} {ergonomic}
     bool ShowCodeDetailsInExceptionMessages       = true                                   {manageable} {command line}
   size_t SoftMaxHeapSize                          = 2130706432                             {manageable} {ergonomic}
     bool UseCompressedClassPointers               = true                           {product lp64_product} {ergonomic}
     bool UseCompressedOops                        = true                           {product lp64_product} {ergonomic}
     bool UseG1GC                                  = true                                      {product} {ergonomic}
     bool UseLargePagesIndividualAllocation        = false                                  {pd product} {ergonomic}

Logging:
Log output configuration:
 #0: stdout all=warning uptime,level,tags
 #1: stderr all=off uptime,level,tags

Environment Variables:
PATH=C:/Users/HP/.p2/pool/plugins/org.eclipse.justj.openjdk.hotspot.jre.full.win32.x86_64_16.0.2.v20210721-1149/jre/bin/server;C:/Users/HP/.p2/pool/plugins/org.eclipse.justj.openjdk.hotspot.jre.full.win32.x86_64_16.0.2.v20210721-1149/jre/bin;C:\Program Files (x86)\Common Files\Oracle\Java\javapath;C:\WINDOWS\system32;C:\WINDOWS;C:\WINDOWS\System32\Wbem;C:\WINDOWS\System32\WindowsPowerShell\v1.0\;C:\WINDOWS\System32\OpenSSH\;C:\Program Files (x86)\Microsoft SQL Server\150\DTS\Binn\;C:\Program Files\Azure Data Studio\bin;C:\Program Files\NVIDIA Corporation\NVIDIA NvDLISR;C:\Program Files\Microsoft SQL Server\Client SDK\ODBC\170\Tools\Binn\;C:\Program Files (x86)\Microsoft SQL Server\150\Tools\Binn\;C:\Program Files\Microsoft SQL Server\150\Tools\Binn\;C:\Program Files\Microsoft SQL Server\150\DTS\Binn\;C:\Program Files\dotnet\;D:\Program Files\Git\cmd;C:\Program Files\Cloudflare\Cloudflare WARP\;C:\Program Files (x86)\Microsoft SQL Server\Client SDK\ODBC\110\Tools\Binn\;C:\Program Files (x86)\Microsoft SQL Server\120\Tools\Binn\;C:\Program Files (x86)\Microsoft SQL Server\120\DTS\Binn\;C:\Users\HP\AppData\Local\Microsoft\WindowsApps;;C:\Program Files\Azure Data Studio\bin;D:\Program Files\Microsoft VS Code\bin;C:\Users\HP\.dotnet\tools;C:\Users\HP\Desktop;
USERNAME=HP
OS=Windows_NT
PROCESSOR_IDENTIFIER=Intel64 Family 6 Model 58 Stepping 9, GenuineIntel



---------------  S Y S T E M  ---------------

OS:
 Windows 10 , 64 bit Build 19041 (10.0.19041.1706)
OS uptime: 0 days 10:28 hours

CPU: total 4 (initial active 4) (2 cores per cpu, 2 threads per core) family 6 model 58 stepping 9 microcode 0x21, cx8, cmov, fxsr, ht, mmx, sse, sse2, sse3, ssse3, sse4.1, sse4.2, popcnt, tsc, tscinvbit, avx, aes, erms, clmul, vzeroupper, clflush

Memory: 4k page, system-wide physical 8124M (926M free)
TotalPageFile size 20652M (AvailPageFile size 2M)
current process WorkingSet (physical memory assigned to process): 49M, peak: 49M
current process commit charge ("private bytes"): 205M, peak: 205M

vm_info: OpenJDK 64-Bit Server VM (16.0.2+7-67) for windows-amd64 JRE (16.0.2+7-67), built on Jun  8 2021 23:21:43 by "mach5one" with MS VC++ 16.7 (VS2019)

END.
